make all --print-data-base --no-builtin-variables --no-builtin-rules --question
# GNU Make 3.81
# Copyright (C) 2006  Free Software Foundation, Inc.
# This is free software; see the source for copying conditions.
# There is NO warranty; not even for MERCHANTABILITY or FITNESS FOR A
# PARTICULAR PURPOSE.

# This program built for i386-apple-darwin11.3.0
 

# Make data base, printed on Wed Jul  7 16:12:20 2021

# Variables

# automatic
<D = $(patsubst %/,%,$(dir $<))
# automatic
?F = $(notdir $?)
# makefile (from `Makefile', line 4)
OBJ = ${SRCS:.c=.o}
# environment
VSCODE_LOG_NATIVE = false
# automatic
?D = $(patsubst %/,%,$(dir $?))
# automatic
@D = $(patsubst %/,%,$(dir $@))
# automatic
@F = $(notdir $@)
# makefile
CURDIR := /Users/inhow-ch/Desktop/push_swap
# makefile (from `Makefile', line 21)
 
C_OK = "\033[35m"
# makefile
SHELL = /bin/sh
# makefile (from `Makefile', line 20)
C_NO = "\033[00m"
# environment
VSCODE_NLS_CONFIG = {"locale":"fr","availableLanguages":{},"_languagePackSupport":true}
# environment
_ = /usr/bin/make
# makefile (from `Makefile', line 3)
CFLAGS = -Wall -Wextra -Werror
# makefile (from `Makefile', line 1)
MAKEFILE_LIST :=  Makefile
# makefile (from `Makefile', line 27)
SUCCESS = $(C_GOOD)SUCCESS$(C_NO)
# environment
VSCODE_NODE_CACHED_DATA_DIR = /Users/inhow-ch/Library/Application Support/VSCodium/CachedData/507ce72a4466fbb27b715c3722558bb15afa9f48
# environment
VSCODE_VERBOSE_LOGGING = true
# makefile (from `Makefile', line 22)
C_GOOD = "\033[32m"
# makefile (from `Makefile', line 18)
OBJS = $(SRCS:.c=.o)
# environment
VSCODE_IPC_HOOK_EXTHOST = /var/folders/zz/zyxvpxvq6csfxvn_n0004t080016h2/T/vscode-ipc-bb1a74b0-09bf-4e1c-ab3f-526072536fba.sock
# environment
VSCODE_CWD = /
# environment
Apple_PubSub_Socket_Render = /private/tmp/com.apple.launchd.gyiqsHosmt/Render
# environment
PATH = /Users/inhow-ch/.brew/bin:/Users/inhow-ch/.brew/bin:/usr/local/bin:/usr/bin:/bin:/usr/sbin:/sbin:/usr/local/go/bin:/usr/local/munki:/opt/X11/bin
# environment
LSCOLORS = Gxfxcxdxbxegedabagacad
# environment
VSCODE_LOG_STACK = false
# environment
ELECTRON_RUN_AS_NODE = 1
# default
.FEATURES := target-specific order-only second-expansion else-if archives jobserver check-symlink
# makefile (from `Makefile', line 24)
C_WARN = "\033[33m"
# environment
SSH_AUTH_SOCK = /private/tmp/com.apple.launchd.ztRUuyiWuR/Listeners
# automatic
%F = $(notdir $%)
# environment
VSCODE_PIPE_LOGGING = true
# environment
PWD = /Users/inhow-ch/Desktop/push_swap
# environment
ORIGINAL_XDG_CURRENT_DESKTOP = undefined
# environment
VSCODE_AMD_ENTRYPOINT = vs/workbench/services/extensions/node/extensionHostProcess
# environment
HOME = /Users/inhow-ch
# default
MAKEFILEPATH := /Applications/Xcode.app/Contents/Developer/Makefiles
# environment
LOGNAME = inhow-ch
# environment
APPLICATION_INSIGHTS_NO_DIAGNOSTIC_CHANNEL = true
# environment
ZSH = /Users/inhow-ch/.oh-my-zsh
# environment
VSCODE_HANDLES_UNCAUGHT_ERRORS = true
# automatic
^D = $(patsubst %/,%,$(dir $^))
# environment
XPC_FLAGS = 0x0
# default
MAKE = $(MAKE_COMMAND)
# default
MAKECMDGOALS := all
# makefile (from `Makefile', line 6)
SRCS = ft_parsing.c ft_utils.c ft_sort_int_tab.c ft_swap.c ft_push.c ft_rotate.c ft_rrotate.c ft_solve.c ft_mediane.c ft_atoi_ps.c ft_parsing2.c
# environment
SHLVL = 1
# makefile (from `Makefile', line 2)
CC = gcc
# default
MAKE_VERSION := 3.81
# environment
USER = inhow-ch
# makefile
.DEFAULT_GOAL := all
# makefile (from `Makefile', line 1)
NAME = push_swap.a
# environment
LESS = -R
# automatic
%D = $(patsubst %/,%,$(dir $%))
# default
MAKE_COMMAND := /Applications/Xcode.app/Contents/Developer/usr/bin/make
# default
.VARIABLES := 
# environment
TMPDIR = /var/folders/zz/zyxvpxvq6csfxvn_n0004t080016h2/T/
# automatic
*F = $(notdir $*)
# environment
VSCODE_IPC_HOOK = /Users/inhow-ch/Library/Application Support/VSCodium/1.57.1-main.sock
# makefile
MAKEFLAGS = Rrqp
# environment
MFLAGS = -Rrqp
# automatic
*D = $(patsubst %/,%,$(dir $*))
# environment
XPC_SERVICE_NAME = com.apple.xpc.launchd.oneshot.0x10000002.Electron
# automatic
+D = $(patsubst %/,%,$(dir $+))
# automatic
+F = $(notdir $+)
# makefile (from `Makefile', line 28)
OK = $(C_OK)OK$(C_NO)
# environment
__CF_USER_TEXT_ENCODING = 0x9A02:0x0:0x1
# environment
COMMAND_MODE = unix2003
# default
MAKEFILES := 
# automatic
<F = $(notdir $<)
# environment
PAGER = less
# environment
LC_ALL = C
# environment
SECURITYSESSIONID = 186a8
# automatic
^F = $(notdir $^)
# default
SUFFIXES := 
# default
.INCLUDE_DIRS = /usr/local/include
# environment
MAKELEVEL := 0
# makefile (from `Makefile', line 23)
C_ERROR = "\033[31m"
# environment
LANG = C
# environment
VSCODE_PID = 815
# variable set hash-table stats:
 
# Load=80/1024=8%, Rehash=0, Collisions=6/115=5%

# Pattern-specific Variable Values

# No pattern-specific variable values.

# Directories

# . (device 16777226, inode 97812): 36 files, no impossibilities.

# 36 files, no impossibilities in 1 directories.

# Implicit Rules

%.o: %.c
#  commands to execute (from `Makefile', line 33):
	@$(CC) -Iincludes $(CFLAGS)  -c $< -o $@
	@echo "Linking" [ $< ] $(OK)
	

# 1 implicit rules, 0 (0.0%) terminal.

# Files

all: push_swap.a
#  Phony target (prerequisite of .PHONY).
#  Command-line target.
#  Implicit rule search has not been done.
#  File does not exist.
#  File has been updated.
#  Needs to be updated (-q is set).
# variable set hash-table stats:
# Load=0/32=0%, Rehash=0, Collisions=0/7=0%

.PHONY: all clean fclean re
#  Implicit rule search has not been done.
#  Modification time never checked.
#  File has not been updated.

ft_swap.o: ft_swap.c
#  Implicit rule search has been done.
#  Implicit/static pattern stem: `ft_swap'
#  Last modified 2021-07-07 15:03:03
#  File has been updated.
#  Successfully updated.
# variable set hash-table stats:
# Load=0/32=0%, Rehash=0, Collisions=0/0=0%
#  commands to execute (from `Makefile', line 33):
	@$(CC) -Iincludes $(CFLAGS)  -c $< -o $@
	@echo "Linking" [ $< ] $(OK)
	

ft_rotate.o: ft_rotate.c
#  Implicit rule search has been done.
#  Implicit/static pattern stem: `ft_rotate'
#  Last modified 2021-07-07 15:03:03
#  File has been updated.
#  Successfully updated.
# variable set hash-table stats:
# Load=0/32=0%, Rehash=0, Collisions=0/0=0%
#  commands to execute (from `Makefile', line 33):
	@$(CC) -Iincludes $(CFLAGS)  -c $< -o $@
	@echo "Linking" [ $< ] $(OK)
	

# Not a target:
ft_solve.c:
#  Implicit rule search has been done.
#  Last modified 2021-07-07 16:12:19
#  File has been updated.
#  Successfully updated.
# variable set hash-table stats:
# Load=0/32=0%, Rehash=0, Collisions=0/0=0%

# Not a target:
.SUFFIXES:
#  Implicit rule search has not been done.
#  Modification time never checked.
#  File has not been updated.

# Not a target:
Makefile:
#  Implicit rule search has been done.
#  Last modified 2021-07-06 17:43:46
#  File has been updated.
#  Successfully updated.
# variable set hash-table stats:
# Load=0/32=0%, Rehash=0, Collisions=0/0=0%

# Not a target:
ft_push.c:
#  Implicit rule search has been done.
#  Last modified 2021-07-07 12:19:23
#  File has been updated.
#  Successfully updated.
# variable set hash-table stats:
# Load=0/32=0%, Rehash=0, Collisions=0/0=0%

# Not a target:
ft_sort_int_tab.c:
#  Implicit rule search has been done.
#  Last modified 2021-07-03 14:00:18
#  File has been updated.
#  Successfully updated.
# variable set hash-table stats:
# Load=0/32=0%, Rehash=0, Collisions=0/0=0%

# Not a target:
ft_mediane.o:
#  Implicit rule search has not been done.
#  Modification time never checked.
#  File has not been updated.

ft_utils.o: ft_utils.c
#  Implicit rule search has been done.
#  Implicit/static pattern stem: `ft_utils'
#  Last modified 2021-07-07 15:03:03
#  File has been updated.
#  Successfully updated.
# variable set hash-table stats:
# Load=0/32=0%, Rehash=0, Collisions=0/0=0%
#  commands to execute (from `Makefile', line 33):
	@$(CC) -Iincludes $(CFLAGS)  -c $< -o $@
	@echo "Linking" [ $< ] $(OK)
	

fclean: clean
#  Phony target (prerequisite of .PHONY).
#  Implicit rule search has not been done.
#  File does not exist.
#  File has not been updated.
#  commands to execute (from `Makefile', line 50):
	@/bin/rm -f $(NAME)
	@/bin/rm -f push_swap
	@make fclean -C libft/
	@echo "Cleaning" [ $(NAME) ] $(OK)
	

# Not a target:
ft_swap.c:
#  Implicit rule search has been done.
#  Last modified 2021-07-05 19:45:08
#  File has been updated.
#  Successfully updated.
# variable set hash-table stats:
# Load=0/32=0%, Rehash=0, Collisions=0/0=0%

# Not a target:
ft_rotate.c:
#  Implicit rule search has been done.
#  Last modified 2021-07-07 12:19:30
#  File has been updated.
#  Successfully updated.
# variable set hash-table stats:
# Load=0/32=0%, Rehash=0, Collisions=0/0=0%

ft_parsing.o: ft_parsing.c
#  Implicit rule search has been done.
#  Implicit/static pattern stem: `ft_parsing'
#  Last modified 2021-07-07 15:03:03
#  File has been updated.
#  Successfully updated.
# variable set hash-table stats:
# Load=0/32=0%, Rehash=0, Collisions=0/0=0%
#  commands to execute (from `Makefile', line 33):
	@$(CC) -Iincludes $(CFLAGS)  -c $< -o $@
	@echo "Linking" [ $< ] $(OK)
	

# Not a target:
.DEFAULT:
#  Implicit rule search has not been done.
#  Modification time never checked.
#  File has not been updated.

ft_rrotate.o: ft_rrotate.c
#  Implicit rule search has been done.
#  Implicit/static pattern stem: `ft_rrotate'
#  Last modified 2021-07-07 15:03:04
#  File has been updated.
#  Successfully updated.
# variable set hash-table stats:
# Load=0/32=0%, Rehash=0, Collisions=0/0=0%
#  commands to execute (from `Makefile', line 33):
	@$(CC) -Iincludes $(CFLAGS)  -c $< -o $@
	@echo "Linking" [ $< ] $(OK)
	

re: fclean all
#  Phony target (prerequisite of .PHONY).
#  Implicit rule search has not been done.
#  File does not exist.
#  File has not been updated.

clean:
#  Phony target (prerequisite of .PHONY).
#  Implicit rule search has not been done.
#  File does not exist.
#  File has not been updated.
#  commands to execute (from `Makefile', line 45):
	@make clean -C libft/
	@/bin/rm -f $(OBJ)
	@echo "[ft_printf] Removed object files!\n"
	

# Not a target:
ft_utils.c:
#  Implicit rule search has been done.
#  Last modified 2021-07-06 12:22:03
#  File has been updated.
#  Successfully updated.
# variable set hash-table stats:
# Load=0/32=0%, Rehash=0, Collisions=0/0=0%

push_swap.a: ft_parsing.o ft_utils.o ft_sort_int_tab.o ft_swap.o ft_push.o ft_rotate.o ft_rrotate.o ft_solve.o ft_mediane.o ft_atoi_ps.o ft_parsing2.o
#  Implicit rule search has not been done.
#  Last modified 2021-07-07 15:03:06
#  File has been updated.
#  Needs to be updated (-q is set).
# variable set hash-table stats:
# Load=0/32=0%, Rehash=0, Collisions=0/7=0%
#  commands to execute (from `Makefile', line 37):
	@make re -C libft/
	@cp libft/libft.a ./$(NAME)
	@ar rc $@ $^
	@echo "Compiling & indexing" [ $(NAME) ] $(SUCCESS)
	@$(CC) -Iincludes  $(OBJ) $(CFLAGS)  main.c  $(NAME) libft/libft.a  -o  push_swap
	

# Not a target:
ft_atoi_ps.o:
#  Implicit rule search has not been done.
#  Modification time never checked.
#  File has not been updated.

# Not a target:
ft_parsing.c:
#  Implicit rule search has been done.
#  Last modified 2021-07-06 17:42:46
#  File has been updated.
#  Successfully updated.
# variable set hash-table stats:
# Load=0/32=0%, Rehash=0, Collisions=0/0=0%

ft_solve.o: ft_solve.c
#  Implicit rule search has been done.
#  Implicit/static pattern stem: `ft_solve'
#  Last modified 2021-07-07 15:03:04
#  File has been updated.
#  Needs to be updated (-q is set).
# automatic
# @ := ft_solve.o
# automatic
# % := 
# automatic
# * := ft_solve
# automatic
# + := ft_solve.c
# automatic
# | := 
# automatic
# < := ft_solve.c
# automatic
# ^ := ft_solve.c
# automatic
 
# ? := ft_solve.c
# variable set hash-table stats:
# Load=8/32=25%, Rehash=0, Collisions=3/18=17%
#  commands to execute (from `Makefile', line 33):
	@$(CC) -Iincludes $(CFLAGS)  -c $< -o $@
	@echo "Linking" [ $< ] $(OK)
	

# Not a target:
ft_parsing2.o:
#  Implicit rule search has not been done.
#  Modification time never checked.
#  File has not been updated.

ft_push.o: ft_push.c
#  Implicit rule search has been done.
#  Implicit/static pattern stem: `ft_push'
#  Last modified 2021-07-07 15:03:03
#  File has been updated.
#  Successfully updated.
# variable set hash-table stats:
# Load=0/32=0%, Rehash=0, Collisions=0/0=0%
#  commands to execute (from `Makefile', line 33):
	@$(CC) -Iincludes $(CFLAGS)  -c $< -o $@
	@echo "Linking" [ $< ] $(OK)
	

ft_sort_int_tab.o: ft_sort_int_tab.c
#  Implicit rule search has been done.
#  Implicit/static pattern stem: `ft_sort_int_tab'
#  Last modified 2021-07-07 15:03:03
#  File has been updated.
#  Successfully updated.
# variable set hash-table stats:
# Load=0/32=0%, Rehash=0, Collisions=0/0=0%
#  commands to execute (from `Makefile', line 33):
	@$(CC) -Iincludes $(CFLAGS)  -c $< -o $@
	@echo "Linking" [ $< ] $(OK)
	

# Not a target:
ft_rrotate.c:
#  Implicit rule search has been done.
#  Last modified 2021-07-07 12:19:38
#  File has been updated.
#  Successfully updated.
# variable set hash-table stats:
# Load=0/32=0%, Rehash=0, Collisions=0/0=0%

# files hash-table stats:
# Load=28/1024=3%, Rehash=0, Collisions=3/84=4%
# VPATH Search Paths

# No `vpath' search paths.

# No general (`VPATH' variable) search path.

# # of strings in strcache: 1
# # of strcache buffers: 1
# strcache size: total = 4096 / max = 4096 / min = 4096 / avg = 4096
# strcache free: total = 4087 / max = 4087 / min = 4087 / avg = 4087

# Finished Make data base on Wed Jul  7 16:12:20 2021

 
